<?xml version="1.0" encoding="UTF-8"?>
<testng-results ignored="0" total="2" passed="2" failed="0" skipped="0">
  <reporter-output>
  </reporter-output>
  <suite started-at="2024-06-21T10:15:14 IST" name="Suite" finished-at="2024-06-21T10:15:35 IST" duration-ms="21248">
    <groups>
    </groups>
    <test started-at="2024-06-21T10:15:14 IST" name="Test" finished-at="2024-06-21T10:15:35 IST" duration-ms="21248">
      <class name="com.actitime.testcases.TC1_ActitimeLoginLogout">
        <test-method is-config="true" signature="setup()[pri:0, instance:com.actitime.testcases.TC1_ActitimeLoginLogout@6c80d78a]" started-at="2024-06-21T10:15:14 IST" name="setup" finished-at="2024-06-21T10:15:21 IST" duration-ms="7107" status="PASS">
          <reporter-output>
          </reporter-output>
        </test-method> <!-- setup -->
        <test-method signature="login()[pri:0, instance:com.actitime.testcases.TC1_ActitimeLoginLogout@6c80d78a]" started-at="2024-06-21T10:15:21 IST" name="login" finished-at="2024-06-21T10:15:27 IST" duration-ms="6015" status="PASS">
          <reporter-output>
          </reporter-output>
        </test-method> <!-- login -->
        <test-method signature="logout()[pri:0, instance:com.actitime.testcases.TC1_ActitimeLoginLogout@6c80d78a]" started-at="2024-06-21T10:15:27 IST" name="logout" finished-at="2024-06-21T10:15:35 IST" depends-on-methods="com.actitime.testcases.TC1_ActitimeLoginLogout.login" duration-ms="7605" status="PASS">
          <reporter-output>
          </reporter-output>
        </test-method> <!-- logout -->
        <test-method is-config="true" signature="teardown()[pri:0, instance:com.actitime.testcases.TC1_ActitimeLoginLogout@6c80d78a]" started-at="2024-06-21T10:15:35 IST" name="teardown" finished-at="2024-06-21T10:15:35 IST" duration-ms="471" status="PASS">
          <reporter-output>
          </reporter-output>
        </test-method> <!-- teardown -->
      </class> <!-- com.actitime.testcases.TC1_ActitimeLoginLogout -->
    </test> <!-- Test -->
  </suite> <!-- Suite -->
</testng-results>
